{"numFailedTestSuites":3,"numFailedTests":0,"numPassedTestSuites":2,"numPassedTests":6,"numPendingTestSuites":0,"numPendingTests":0,"numRuntimeErrorTestSuites":3,"numTodoTests":0,"numTotalTestSuites":5,"numTotalTests":6,"openHandles":[],"snapshot":{"added":0,"didUpdate":false,"failure":false,"filesAdded":0,"filesRemoved":0,"filesRemovedList":[],"filesUnmatched":0,"filesUpdated":0,"matched":0,"total":0,"unchecked":0,"uncheckedKeysByFile":[],"unmatched":0,"updated":0},"startTime":1659994117747,"success":false,"testResults":[{"assertionResults":[{"ancestorTitles":["Testing [helpers] => cookie"],"failureMessages":[],"fullName":"Testing [helpers] => cookie should set new cookie in the browser","location":null,"status":"passed","title":"should set new cookie in the browser"},{"ancestorTitles":["Testing [helpers] => cookie"],"failureMessages":[],"fullName":"Testing [helpers] => cookie should read and return a stored value in the browser","location":null,"status":"passed","title":"should read and return a stored value in the browser"}],"endTime":1659994118408,"message":"","name":"R:\\flairverse@web\\core\\helpers\\__tests__\\cookie.helper.spec.ts","startTime":1659994118098,"status":"passed","summary":""},{"assertionResults":[{"ancestorTitles":["Testing [helpers] => theme"],"failureMessages":[],"fullName":"Testing [helpers] => theme should verify all themes are matched","location":null,"status":"passed","title":"should verify all themes are matched"},{"ancestorTitles":["Testing [helpers] => theme"],"failureMessages":[],"fullName":"Testing [helpers] => theme should give a css root containing `color-scheme` keyword","location":null,"status":"passed","title":"should give a css root containing `color-scheme` keyword"},{"ancestorTitles":["Testing [helpers] => theme"],"failureMessages":[],"fullName":"Testing [helpers] => theme should give defined themes containing `data-theme` keyword","location":null,"status":"passed","title":"should give defined themes containing `data-theme` keyword"},{"ancestorTitles":["Testing [helpers] => theme"],"failureMessages":[],"fullName":"Testing [helpers] => theme should initialize Theme instance and return CSSRoot containing `data-theme` & `color-scheme` keywords","location":null,"status":"passed","title":"should initialize Theme instance and return CSSRoot containing `data-theme` & `color-scheme` keywords"}],"endTime":1659994118535,"message":"","name":"R:\\flairverse@web\\core\\helpers\\__tests__\\theme.helper.spec.ts","startTime":1659994118432,"status":"passed","summary":""},{"assertionResults":[],"coverage":{},"endTime":1659994118924,"message":"  \u001b[1m● \u001b[22mTest suite failed to run\n\n    \u001b[31m\u001b[1mConfiguration error\u001b[22m:\u001b[39m\n    \u001b[31m\u001b[39m\n    \u001b[31mCould not locate module \u001b[1m@/components/ui-kit/app-icons\u001b[22m mapped as:\u001b[39m\n    \u001b[31m\u001b[1mR:\\flairverse@web\\source\\$1\u001b[22m.\u001b[39m\n    \u001b[31m\u001b[39m\n    \u001b[31mPlease check your configuration for these entries:\u001b[39m\n    \u001b[31m{\u001b[39m\n    \u001b[31m  \"moduleNameMapper\": {\u001b[39m\n    \u001b[31m    \"/^@\\/(.*)$/\": \"\u001b[1mR:\\flairverse@web\\source\\$1\u001b[22m\"\u001b[39m\n    \u001b[31m  },\u001b[39m\n    \u001b[31m  \"resolver\": \u001b[1mundefined\u001b[22m\u001b[39m\n    \u001b[31m}\u001b[39m\n\n    \u001b[0m\u001b[31m\u001b[1m>\u001b[22m\u001b[39m\u001b[90m 1 |\u001b[39m \u001b[36mimport\u001b[39m { \u001b[33mAppIcons\u001b[39m } \u001b[36mfrom\u001b[39m \u001b[32m'@/components/ui-kit/app-icons'\u001b[39m\u001b[0m\n    \u001b[0m \u001b[90m   |\u001b[39m                                                         \u001b[31m\u001b[1m^\u001b[22m\u001b[39m\u001b[0m\n    \u001b[0m \u001b[90m 2 |\u001b[39m \u001b[36mimport\u001b[39m { \u001b[33mMenu\u001b[39m } \u001b[36mfrom\u001b[39m \u001b[32m'@/components/ui-kit/menu'\u001b[39m\u001b[0m\n    \u001b[0m \u001b[90m 3 |\u001b[39m \u001b[36mimport\u001b[39m { layoutTopNavbarAtoms } \u001b[36mfrom\u001b[39m \u001b[32m'@/store/atoms'\u001b[39m\u001b[0m\n    \u001b[0m \u001b[90m 4 |\u001b[39m \u001b[36mimport\u001b[39m { \u001b[33mLoadingOutlined\u001b[39m } \u001b[36mfrom\u001b[39m \u001b[32m'@ant-design/icons'\u001b[39m\u001b[0m\n\n      \u001b[2mat createNoMappedModuleFoundError (\u001b[22mnode_modules/jest-resolve/build/resolver.js\u001b[2m:579:17)\u001b[22m\n      \u001b[2mat Object.<anonymous> (\u001b[22mcore/components/layouts/top-nav-bar/lib/top-nav-bar.components.tsx\u001b[2m:1:57)\u001b[22m\n","name":"R:\\flairverse@web\\core\\components\\layouts\\__tests__\\nav-bar.spec.tsx","startTime":1659994118924,"status":"failed","summary":""},{"assertionResults":[],"coverage":{},"endTime":1659994118924,"message":"  \u001b[1m● \u001b[22mTest suite failed to run\n\n    \u001b[31m\u001b[1mConfiguration error\u001b[22m:\u001b[39m\n    \u001b[31m\u001b[39m\n    \u001b[31mCould not locate module \u001b[1m@/constants/testing-hook.constants\u001b[22m mapped as:\u001b[39m\n    \u001b[31m\u001b[1mR:\\flairverse@web\\source\\$1\u001b[22m.\u001b[39m\n    \u001b[31m\u001b[39m\n    \u001b[31mPlease check your configuration for these entries:\u001b[39m\n    \u001b[31m{\u001b[39m\n    \u001b[31m  \"moduleNameMapper\": {\u001b[39m\n    \u001b[31m    \"/^@\\/(.*)$/\": \"\u001b[1mR:\\flairverse@web\\source\\$1\u001b[22m\"\u001b[39m\n    \u001b[31m  },\u001b[39m\n    \u001b[31m  \"resolver\": \u001b[1mundefined\u001b[22m\u001b[39m\n    \u001b[31m}\u001b[39m\n\n    \u001b[0m\u001b[31m\u001b[1m>\u001b[22m\u001b[39m\u001b[90m 1 |\u001b[39m \u001b[36mimport\u001b[39m { commonHookRenderer } \u001b[36mfrom\u001b[39m \u001b[32m'@/constants/testing-hook.constants'\u001b[39m\u001b[0m\n    \u001b[0m \u001b[90m   |\u001b[39m                                                                        \u001b[31m\u001b[1m^\u001b[22m\u001b[39m\u001b[0m\n    \u001b[0m \u001b[90m 2 |\u001b[39m \u001b[36mimport\u001b[39m { render\u001b[33m,\u001b[39m screen } \u001b[36mfrom\u001b[39m \u001b[32m'@testing-library/react'\u001b[39m\u001b[0m\n    \u001b[0m \u001b[90m 3 |\u001b[39m \u001b[36mimport\u001b[39m { renderHook } \u001b[36mfrom\u001b[39m \u001b[32m'@testing-library/react-hooks'\u001b[39m\u001b[0m\n    \u001b[0m \u001b[90m 4 |\u001b[39m \u001b[36mimport\u001b[39m { \u001b[33mRecoilRoot\u001b[39m } \u001b[36mfrom\u001b[39m \u001b[32m'recoil'\u001b[39m\u001b[0m\n\n      \u001b[2mat createNoMappedModuleFoundError (\u001b[22mnode_modules/jest-resolve/build/resolver.js\u001b[2m:579:17)\u001b[22m\n      \u001b[2mat Object.<anonymous> (\u001b[22m\u001b[0m\u001b[36mcore/providers/__tests__/internationalization.spec.tsx\u001b[39m\u001b[0m\u001b[2m:1:72)\u001b[22m\n","name":"R:\\flairverse@web\\core\\providers\\__tests__\\internationalization.spec.tsx","startTime":1659994118924,"status":"failed","summary":""},{"assertionResults":[],"coverage":{},"endTime":1659994118924,"message":"  \u001b[1m● \u001b[22mTest suite failed to run\n\n    \u001b[31m\u001b[1mConfiguration error\u001b[22m:\u001b[39m\n    \u001b[31m\u001b[39m\n    \u001b[31mCould not locate module \u001b[1m@/constants/languages.constants\u001b[22m mapped as:\u001b[39m\n    \u001b[31m\u001b[1mR:\\flairverse@web\\source\\$1\u001b[22m.\u001b[39m\n    \u001b[31m\u001b[39m\n    \u001b[31mPlease check your configuration for these entries:\u001b[39m\n    \u001b[31m{\u001b[39m\n    \u001b[31m  \"moduleNameMapper\": {\u001b[39m\n    \u001b[31m    \"/^@\\/(.*)$/\": \"\u001b[1mR:\\flairverse@web\\source\\$1\u001b[22m\"\u001b[39m\n    \u001b[31m  },\u001b[39m\n    \u001b[31m  \"resolver\": \u001b[1mundefined\u001b[22m\u001b[39m\n    \u001b[31m}\u001b[39m\n\n    \u001b[0m\u001b[31m\u001b[1m>\u001b[22m\u001b[39m\u001b[90m 1 |\u001b[39m \u001b[36mimport\u001b[39m { \u001b[33mLANGUAGES\u001b[39m\u001b[33m,\u001b[39m \u001b[33mLANGUAGES_NAME\u001b[39m } \u001b[36mfrom\u001b[39m \u001b[32m'@/constants/languages.constants'\u001b[39m\u001b[0m\n    \u001b[0m \u001b[90m   |\u001b[39m                                                                            \u001b[31m\u001b[1m^\u001b[22m\u001b[39m\u001b[0m\n    \u001b[0m \u001b[90m 2 |\u001b[39m \u001b[36mimport\u001b[39m { \u001b[33mI18n\u001b[39m } \u001b[36mfrom\u001b[39m \u001b[32m'@/helpers/language'\u001b[39m\u001b[0m\n    \u001b[0m \u001b[90m 3 |\u001b[39m \u001b[36mimport\u001b[39m { \u001b[33mThemeHelperLib\u001b[39m } \u001b[36mfrom\u001b[39m \u001b[32m'@/helpers/theme'\u001b[39m\u001b[0m\n    \u001b[0m \u001b[90m 4 |\u001b[39m \u001b[36mimport\u001b[39m { useFont } \u001b[36mfrom\u001b[39m \u001b[32m'@/hooks/use-font'\u001b[39m\u001b[0m\n\n      \u001b[2mat createNoMappedModuleFoundError (\u001b[22mnode_modules/jest-resolve/build/resolver.js\u001b[2m:579:17)\u001b[22m\n      \u001b[2mat Object.<anonymous> (\u001b[22mcore/providers/devtools/lib/devtools.components.tsx\u001b[2m:1:76)\u001b[22m\n","name":"R:\\flairverse@web\\core\\providers\\__tests__\\devtools.spec.tsx","startTime":1659994118924,"status":"failed","summary":""}],"wasInterrupted":false}